#
# There is insufficient memory for the Java Runtime Environment to continue.
# Native memory allocation (mmap) failed to map 257949696 bytes for G1 virtual space
# Possible reasons:
#   The system is out of physical RAM or swap space
#   The process is running with CompressedOops enabled, and the Java Heap may be blocking the growth of the native heap
# Possible solutions:
#   Reduce memory load on the system
#   Increase physical memory or swap space
#   Check if swap backing store is full
#   Decrease Java heap size (-Xmx/-Xms)
#   Decrease number of Java threads
#   Decrease Java thread stack sizes (-Xss)
#   Set larger code cache with -XX:ReservedCodeCacheSize=
#   JVM is running with Zero Based Compressed Oops mode in which the Java heap is
#     placed in the first 32GB address space. The Java Heap base address is the
#     maximum limit for the native heap growth. Please use -XX:HeapBaseMinAddress
#     to set the Java Heap base and to place the Java Heap above 32GB virtual address.
# This output file may be truncated or incomplete.
#
#  Out of Memory Error (os_windows.cpp:3550), pid=53564, tid=49916
#
# JRE version:  (17.0.7+8) (build )
# Java VM: Java HotSpot(TM) 64-Bit Server VM (17.0.7+8-LTS-224, mixed mode, emulated-client, sharing, tiered, compressed oops, compressed class ptrs, g1 gc, windows-amd64)
# No core dump will be written. Minidumps are not enabled by default on client versions of Windows
#

---------------  S U M M A R Y ------------

Command Line: -XX:TieredStopAtLevel=1 -Dspring.output.ansi.enabled=always -Dcom.sun.management.jmxremote -Dspring.jmx.enabled=true -Dspring.liveBeansView.mbeanDomain -Dspring.application.admin.enabled=true -Dmanagement.endpoints.jmx.exposure.include=* -javaagent:E:\develop\IntelliJ_IDEA_Ultimate\IntelliJ IDEA 2023.2.4\lib\idea_rt.jar=4934:E:\develop\IntelliJ_IDEA_Ultimate\IntelliJ IDEA 2023.2.4\bin -Dfile.encoding=UTF-8 com.yupi.usercenter.UserCenterApplication

Host: AMD Ryzen 7 5825U with Radeon Graphics         , 16 cores, 15G,  Windows 10 , 64 bit Build 19041 (10.0.19041.928)
Time: Tue Apr 16 09:38:52 2024  Windows 10 , 64 bit Build 19041 (10.0.19041.928) elapsed time: 0.023340 seconds (0d 0h 0m 0s)

---------------  T H R E A D  ---------------

Current thread (0x00000255fb09ae20):  JavaThread "Unknown thread" [_thread_in_vm, id=49916, stack(0x000000b0fdd00000,0x000000b0fde00000)]

Stack: [0x000000b0fdd00000,0x000000b0fde00000]
Native frames: (J=compiled Java code, j=interpreted, Vv=VM code, C=native code)
V  [jvm.dll+0x676a4a]
V  [jvm.dll+0x7d74f4]
V  [jvm.dll+0x7d8c9e]
V  [jvm.dll+0x7d9303]
V  [jvm.dll+0x2452c5]
V  [jvm.dll+0x6738f9]
V  [jvm.dll+0x668232]
V  [jvm.dll+0x302826]
V  [jvm.dll+0x309da6]
V  [jvm.dll+0x35952e]
V  [jvm.dll+0x35975f]
V  [jvm.dll+0x2d9a38]
V  [jvm.dll+0x2da9a4]
V  [jvm.dll+0x7a8fb1]
V  [jvm.dll+0x3670e1]
V  [jvm.dll+0x788359]
V  [jvm.dll+0x3ea5ef]
V  [jvm.dll+0x3ec071]
C  [jli.dll+0x5297]
C  [ucrtbase.dll+0x21bb2]
C  [KERNEL32.DLL+0x17034]
C  [ntdll.dll+0x52651]


---------------  P R O C E S S  ---------------

Threads class SMR info:
_java_thread_list=0x00007ff8d4094998, length=0, elements={
}

Java Threads: ( => current thread )

Other Threads:
  0x00000255fb105470 GCTaskThread "GC Thread#0" [stack: 0x000000b0fde00000,0x000000b0fdf00000] [id=53732]
  0x00000255fb1157c0 ConcurrentGCThread "G1 Main Marker" [stack: 0x000000b0fdf00000,0x000000b0fe000000] [id=45228]
  0x00000255fb116870 ConcurrentGCThread "G1 Conc#0" [stack: 0x000000b0fe000000,0x000000b0fe100000] [id=58488]

[error occurred during error reporting (printing all threads), id 0xc0000005, EXCEPTION_ACCESS_VIOLATION (0xc0000005) at pc=0x00007ff8d38ca697]

VM state: not at safepoint (not fully initialized)

VM Mutex/Monitor currently owned by a thread:  ([mutex/lock_event])
[0x00000255fb097ca0] Heap_lock - owner thread: 0x00000255fb09ae20

Heap address: 0x000000070ae00000, size: 3922 MB, Compressed Oops mode: Zero based, Oop shift amount: 3

CDS archive(s) mapped at: [0x0000000000000000-0x0000000000000000-0x0000000000000000), size 0, SharedBaseAddress: 0x0000000800000000, ArchiveRelocationMode: 0.
Narrow klass base: 0x0000000000000000, Narrow klass shift: 0, Narrow klass range: 0x0

GC Precious Log:
<Empty>

Heap:
 garbage-first heap   total 0K, used 0K [0x000000070ae00000, 0x0000000800000000)
  region size 2048K, 0 young (0K), 0 survivors (0K)

[error occurred during error reporting (printing heap information), id 0xc0000005, EXCEPTION_ACCESS_VIOLATION (0xc0000005) at pc=0x00007ff8d3cb00b9]

GC Heap History (0 events):
No events

Deoptimization events (0 events):
No events

Classes unloaded (0 events):
No events

Classes redefined (0 events):
No events

Internal exceptions (0 events):
No events

VM Operations (0 events):
No events

Events (1 events):
Event: 0.014 Loaded shared library E:\JDK17\bin\java.dll


Dynamic libraries:
0x00007ff6d7d50000 - 0x00007ff6d7d60000 	E:\JDK17\bin\java.exe
0x00007ff928fb0000 - 0x00007ff9291a5000 	C:\Windows\SYSTEM32\ntdll.dll
0x00007ff927600000 - 0x00007ff9276bd000 	C:\Windows\System32\KERNEL32.DLL
0x00007ff926850000 - 0x00007ff926b18000 	C:\Windows\System32\KERNELBASE.dll
0x00007ff926b20000 - 0x00007ff926c20000 	C:\Windows\System32\ucrtbase.dll
0x00007ff912f00000 - 0x00007ff912f1b000 	E:\JDK17\bin\VCRUNTIME140.dll
0x00007ff8ed5b0000 - 0x00007ff8ed5c9000 	E:\JDK17\bin\jli.dll
0x00007ff9271d0000 - 0x00007ff92727c000 	C:\Windows\System32\ADVAPI32.dll
0x00007ff927bd0000 - 0x00007ff927c6e000 	C:\Windows\System32\msvcrt.dll
0x00007ff927b30000 - 0x00007ff927bcb000 	C:\Windows\System32\sechost.dll
0x00007ff9273f0000 - 0x00007ff92751b000 	C:\Windows\System32\RPCRT4.dll
0x00007ff927030000 - 0x00007ff9271d0000 	C:\Windows\System32\USER32.dll
0x00007ff9267c0000 - 0x00007ff9267e2000 	C:\Windows\System32\win32u.dll
0x00007ff927c70000 - 0x00007ff927c9a000 	C:\Windows\System32\GDI32.dll
0x00007ff90b170000 - 0x00007ff90b40a000 	C:\Windows\WinSxS\amd64_microsoft.windows.common-controls_6595b64144ccf1df_6.0.19041.844_none_ca00b6081b84eb1d\COMCTL32.dll
0x00007ff926d20000 - 0x00007ff926e2b000 	C:\Windows\System32\gdi32full.dll
0x00007ff926720000 - 0x00007ff9267bd000 	C:\Windows\System32\msvcp_win.dll
0x00007ff91d4c0000 - 0x00007ff91d4ca000 	C:\Windows\SYSTEM32\VERSION.dll
0x00007ff927280000 - 0x00007ff9272b0000 	C:\Windows\System32\IMM32.DLL
0x00007ff8f6c30000 - 0x00007ff8f6c3c000 	E:\JDK17\bin\vcruntime140_1.dll
0x00007ff8ed520000 - 0x00007ff8ed5ae000 	E:\JDK17\bin\msvcp140.dll
0x00007ff8d35e0000 - 0x00007ff8d41bd000 	E:\JDK17\bin\server\jvm.dll
0x00007ff9276c0000 - 0x00007ff9276c8000 	C:\Windows\System32\PSAPI.DLL
0x00007ff91d500000 - 0x00007ff91d527000 	C:\Windows\SYSTEM32\WINMM.dll
0x00007ff923160000 - 0x00007ff923169000 	C:\Windows\SYSTEM32\WSOCK32.dll
0x00007ff9283d0000 - 0x00007ff92843b000 	C:\Windows\System32\WS2_32.dll
0x00007ff924fc0000 - 0x00007ff924fd2000 	C:\Windows\SYSTEM32\kernel.appcore.dll
0x00007ff8f5540000 - 0x00007ff8f554a000 	E:\JDK17\bin\jimage.dll
0x00007ff924db0000 - 0x00007ff924f94000 	C:\Windows\SYSTEM32\DBGHELP.DLL
0x00007ff90d040000 - 0x00007ff90d06c000 	C:\Windows\SYSTEM32\dbgcore.DLL
0x00007ff926e30000 - 0x00007ff926eb0000 	C:\Windows\System32\bcryptPrimitives.dll
0x00007ff9201a0000 - 0x00007ff9201ae000 	E:\JDK17\bin\instrument.dll
0x00007ff8ed4f0000 - 0x00007ff8ed515000 	E:\JDK17\bin\java.dll

dbghelp: loaded successfully - version: 4.0.5 - missing functions: none
symbol engine: initialized successfully - sym options: 0x614 - pdb path: .;E:\JDK17\bin;C:\Windows\SYSTEM32;C:\Windows\WinSxS\amd64_microsoft.windows.common-controls_6595b64144ccf1df_6.0.19041.844_none_ca00b6081b84eb1d;E:\JDK17\bin\server

VM Arguments:
jvm_args: -XX:TieredStopAtLevel=1 -Dspring.output.ansi.enabled=always -Dcom.sun.management.jmxremote -Dspring.jmx.enabled=true -Dspring.liveBeansView.mbeanDomain -Dspring.application.admin.enabled=true -Dmanagement.endpoints.jmx.exposure.include=* -javaagent:E:\develop\IntelliJ_IDEA_Ultimate\IntelliJ IDEA 2023.2.4\lib\idea_rt.jar=4934:E:\develop\IntelliJ_IDEA_Ultimate\IntelliJ IDEA 2023.2.4\bin -Dfile.encoding=UTF-8 
java_command: com.yupi.usercenter.UserCenterApplication
java_class_path (initial): E:\develop\IntelliJ_IDEA_Ultimate\JavaCode\user-center\target\classes;C:\Users\Administrator\.m2\repository\org\springframework\boot\spring-boot-starter-web\3.2.2\spring-boot-starter-web-3.2.2.jar;C:\Users\Administrator\.m2\repository\org\springframework\boot\spring-boot-starter\3.2.2\spring-boot-starter-3.2.2.jar;C:\Users\Administrator\.m2\repository\org\springframework\boot\spring-boot-starter-logging\3.2.2\spring-boot-starter-logging-3.2.2.jar;C:\Users\Administrator\.m2\repository\ch\qos\logback\logback-classic\1.4.14\logback-classic-1.4.14.jar;C:\Users\Administrator\.m2\repository\ch\qos\logback\logback-core\1.4.14\logback-core-1.4.14.jar;C:\Users\Administrator\.m2\repository\org\apache\logging\log4j\log4j-to-slf4j\2.21.1\log4j-to-slf4j-2.21.1.jar;C:\Users\Administrator\.m2\repository\org\apache\logging\log4j\log4j-api\2.21.1\log4j-api-2.21.1.jar;C:\Users\Administrator\.m2\repository\org\slf4j\jul-to-slf4j\2.0.11\jul-to-slf4j-2.0.11.jar;C:\Users\Administrator\.m2\repository\jakarta\annotation\jakarta.annotation-api\2.1.1\jakarta.annotation-api-2.1.1.jar;C:\Users\Administrator\.m2\repository\org\yaml\snakeyaml\2.2\snakeyaml-2.2.jar;C:\Users\Administrator\.m2\repository\org\springframework\boot\spring-boot-starter-json\3.2.2\spring-boot-starter-json-3.2.2.jar;C:\Users\Administrator\.m2\repository\com\fasterxml\jackson\core\jackson-databind\2.15.3\jackson-databind-2.15.3.jar;C:\Users\Administrator\.m2\repository\com\fasterxml\jackson\core\jackson-annotations\2.15.3\jackson-annotations-2.15.3.jar;C:\Users\Administrator\.m2\repository\com\fasterxml\jackson\core\jackson-core\2.15.3\jackson-core-2.15.3.jar;C:\Users\Administrator\.m2\repository\com\fasterxml\jackson\datatype\jackson-datatype-jdk8\2.15.3\jackson-datatype-jdk8-2.15.3.jar;C:\Users\Administrator\.m2\repository\com\fasterxml\jackson\datatype\jackson-datatype-jsr310\2.15.3\jackson-datatype-jsr310-2.15.3.jar;C:\Users\Administrator\.m2\repository\com\fasterxml\jackson\module\jackson
Launcher Type: SUN_STANDARD

[Global flags]
     intx CICompilerCount                          = 12                                        {product} {ergonomic}
     uint ConcGCThreads                            = 3                                         {product} {ergonomic}
     uint G1ConcRefinementThreads                  = 13                                        {product} {ergonomic}
   size_t G1HeapRegionSize                         = 2097152                                   {product} {ergonomic}
    uintx GCDrainStackTargetSize                   = 64                                        {product} {ergonomic}
   size_t InitialHeapSize                          = 257949696                                 {product} {ergonomic}
     bool ManagementServer                         = true                                      {product} {command line}
   size_t MarkStackSize                            = 4194304                                   {product} {ergonomic}
   size_t MaxHeapSize                              = 4112515072                                {product} {ergonomic}
   size_t MinHeapDeltaBytes                        = 2097152                                   {product} {ergonomic}
   size_t MinHeapSize                              = 8388608                                   {product} {ergonomic}
    uintx NonProfiledCodeHeapSize                  = 0                                      {pd product} {ergonomic}
     bool ProfileInterpreter                       = false                                  {pd product} {command line}
    uintx ProfiledCodeHeapSize                     = 0                                      {pd product} {ergonomic}
   size_t SoftMaxHeapSize                          = 4112515072                             {manageable} {ergonomic}
     intx TieredStopAtLevel                        = 1                                         {product} {command line}
     bool UseCompressedClassPointers               = true                           {product lp64_product} {ergonomic}
     bool UseCompressedOops                        = true                           {product lp64_product} {ergonomic}
     bool UseG1GC                                  = true                                      {product} {ergonomic}
     bool UseLargePagesIndividualAllocation        = false                                  {pd product} {ergonomic}

Logging:
Log output configuration:
 #0: stdout all=warning uptime,level,tags
 #1: stderr all=off uptime,level,tags

Environment Variables:
JAVA_HOME=E:\JDK17
PATH=E:\JDK17\bin;C:\Program Files (x86)\Common Files\Oracle\Java\javapath;E:\MySql\Install\bin;E:\JDK8\bin;C:\Program Files\Common Files\Oracle\Java\javapath;C:\Windows\system32;C:\Windows;C:\Windows\System32\Wbem;C:\Windows\System32\WindowsPowerShell\v1.0\;C:\Windows\System32\OpenSSH\;E:\develop\VSCode\Microsoft VS Code\bin;C:\Program Files\Bandizip\;D:\Git\cmd;C:\Program Files\TortoiseGit\bin;E:\develop\nodejs\node_global\bin;E:\develop\apache-maven-3.6.1\bin;E:\develop\Anaconda3;E:\develop\Anaconda3\Scripts;E:\develop\Anaconda3\Library\bin;E:\develop\Anaconda3\Library\mingw-w64\bin;E:\develop\Anaconda3\Library\usr\bin;E:\develop\nodejs18\node_global\node_modules;C:\Program Files (x86)\Yarn\bin\;E:\develop\nodejs18\;E:\VSCode\Microsoft VS Code\bin;C:\Users\Administrator\AppData\Local\Microsoft\WindowsApps;E:\develop\IntelliJ_IDEA_Ultimate\IntelliJ IDEA 2023.2.4\bin;;C:\mingw64\bin;E:\IDEA 2023.1.3\IDEA\IntelliJ IDEA Community Edition 2023.1.3\bin;;C:\Users\Administrator\AppData\Local\Pandoc\;E:\develop\WebStorm\WebStorm 2023.3.2\bin;;E:\develop\nodejs18\node_global;C:\Users\Administrator\AppData\Local\Yarn\bin;C:\Users\Administrator\AppData\Roaming\npm;
USERNAME=Õ‚∫¶
OS=Windows_NT
PROCESSOR_IDENTIFIER=AMD64 Family 25 Model 80 Stepping 0, AuthenticAMD



---------------  S Y S T E M  ---------------

OS:
 Windows 10 , 64 bit Build 19041 (10.0.19041.928)
OS uptime: 11 days 23:57 hours

CPU: total 16 (initial active 16) (16 cores per cpu, 2 threads per core) family 25 model 80 stepping 0 microcode 0x0, cx8, cmov, fxsr, ht, mmx, 3dnowpref, sse, sse2, sse3, ssse3, sse4a, sse4.1, sse4.2, popcnt, lzcnt, tsc, tscinvbit, avx, avx2, aes, erms, clmul, bmi1, bmi2, adx, sha, fma, vzeroupper, clflush, clflushopt

Memory: 4k page, system-wide physical 15681M (812M free)
TotalPageFile size 18962M (AvailPageFile size 23M)
current process WorkingSet (physical memory assigned to process): 11M, peak: 11M
current process commit charge ("private bytes"): 65M, peak: 311M

vm_info: Java HotSpot(TM) 64-Bit Server VM (17.0.7+8-LTS-224) for windows-amd64 JRE (17.0.7+8-LTS-224), built on Feb 28 2023 23:03:02 by "mach5one" with MS VC++ 17.1 (VS2022)

END.
